#
# There is insufficient memory for the Java Runtime Environment to continue.
# Native memory allocation (malloc) failed to allocate 1048576 bytes for AllocateHeap
# Possible reasons:
#   The system is out of physical RAM or swap space
#   The process is running with CompressedOops enabled, and the Java Heap may be blocking the growth of the native heap
# Possible solutions:
#   Reduce memory load on the system
#   Increase physical memory or swap space
#   Check if swap backing store is full
#   Decrease Java heap size (-Xmx/-Xms)
#   Decrease number of Java threads
#   Decrease Java thread stack sizes (-Xss)
#   Set larger code cache with -XX:ReservedCodeCacheSize=
#   JVM is running with Unscaled Compressed Oops mode in which the Java heap is
#     placed in the first 4GB address space. The Java Heap base address is the
#     maximum limit for the native heap growth. Please use -XX:HeapBaseMinAddress
#     to set the Java Heap base and to place the Java Heap above 4GB virtual address.
# This output file may be truncated or incomplete.
#
#  Out of Memory Error (allocation.cpp:44), pid=8752, tid=20688
#
# JRE version:  (21.0.5+9) (build )
# Java VM: Java HotSpot(TM) 64-Bit Server VM (21.0.5+9-LTS-239, mixed mode, sharing, tiered, compressed oops, compressed class ptrs, g1 gc, windows-amd64)
# No core dump will be written. Minidumps are not enabled by default on client versions of Windows
#

---------------  S U M M A R Y ------------

Command Line: -Xmx64m -Xms64m -Dorg.gradle.appname=gradlew C:\Users\ASUS\OneDrive\Documents\Desktop\hyperlocal\\gradle\wrapper\gradle-wrapper.jar clean build --no-daemon

Host: 12th Gen Intel(R) Core(TM) i5-12450H, 12 cores, 7G,  Windows 11 , 64 bit Build 26100 (10.0.26100.7309)
Time: Mon Jan  5 21:29:59 2026 India Standard Time elapsed time: 1.419483 seconds (0d 0h 0m 1s)

---------------  T H R E A D  ---------------

Current thread (0x0000027feb9b3e50):  JavaThread "Unknown thread" [_thread_in_vm, id=20688, stack(0x000000ca78e00000,0x000000ca78f00000) (1024K)]

Stack: [0x000000ca78e00000,0x000000ca78f00000]
Native frames: (J=compiled Java code, j=interpreted, Vv=VM code, C=native code)
V  [jvm.dll+0x6ca289]
V  [jvm.dll+0x854a51]
V  [jvm.dll+0x856f7e]
V  [jvm.dll+0x857653]
V  [jvm.dll+0x27dd26]
V  [jvm.dll+0xbf7d7]
V  [jvm.dll+0x325765]
V  [jvm.dll+0x81dddd]
V  [jvm.dll+0x3ba7c1]
V  [jvm.dll+0x807168]
V  [jvm.dll+0x44f96e]
V  [jvm.dll+0x451561]
C  [jli.dll+0x52a3]
C  [ucrtbase.dll+0x37b0]
C  [KERNEL32.DLL+0x2e8d7]
C  [ntdll.dll+0x8c53c]


---------------  P R O C E S S  ---------------

Threads class SMR info:
_java_thread_list=0x00007ff88c87ac08, length=0, elements={
}

Java Threads: ( => current thread )
Total: 0

Other Threads:

=>0x0000027feb9b3e50 (exited) JavaThread "Unknown thread"    [_thread_in_vm, id=20688, stack(0x000000ca78e00000,0x000000ca78f00000) (1024K)]
Total: 1

Threads with active compile tasks:
Total: 0

VM state: not at safepoint (not fully initialized)

VM Mutex/Monitor currently owned by a thread: None

Heap address: 0x0000000000000000, size: 0 MB, Compressed Oops mode: 32-bit

CDS archive(s) mapped at: [0x0000000000000000-0x0000000000000000-0x0000000000000000), size 0, SharedBaseAddress: 0x0000000800000000, ArchiveRelocationMode: 1.
Narrow klass base: 0x0000000000000000, Narrow klass shift: 0, Narrow klass range: 0x0

GC Precious Log:
 CardTable entry size: 512
 Card Set container configuration: InlinePtr #cards 5 size 8 Array Of Cards #cards 12 size 40 Howl #buckets 4 coarsen threshold 1843 Howl Bitmap #cards 512 size 80 coarsen threshold 460 Card regions per heap region 1 cards per card region 2048

GC Heap History (0 events):
No events

Dll operation events (1 events):
Event: 0.228 Loaded shared library C:\Program Files\Java\jdk-21\bin\java.dll

Deoptimization events (0 events):
No events

Classes loaded (0 events):
No events

Classes unloaded (0 events):
No events

Classes redefined (0 events):
No events

Internal exceptions (0 events):
No events

ZGC Phase Switch (0 events):
No events

VM Operations (0 events):
No events

Events (0 events):
No events


Dynamic libraries:
0x00007ff6a24f0000 - 0x00007ff6a2500000 	C:\Program Files\Java\jdk-21\bin\java.exe
0x00007ff90b0c0000 - 0x00007ff90b327000 	C:\WINDOWS\SYSTEM32\ntdll.dll
0x00007ff9097f0000 - 0x00007ff9098b9000 	C:\WINDOWS\System32\KERNEL32.DLL
0x00007ff9084f0000 - 0x00007ff9088df000 	C:\WINDOWS\System32\KERNELBASE.dll
0x00007ff908b90000 - 0x00007ff908cdb000 	C:\WINDOWS\System32\ucrtbase.dll
0x00007ff903ff0000 - 0x00007ff904009000 	C:\Program Files\Java\jdk-21\bin\jli.dll
0x00007ff8fd400000 - 0x00007ff8fd41b000 	C:\Program Files\Java\jdk-21\bin\VCRUNTIME140.dll
0x00007ff90a500000 - 0x00007ff90a5b4000 	C:\WINDOWS\System32\ADVAPI32.dll
0x00007ff909a60000 - 0x00007ff909b09000 	C:\WINDOWS\System32\msvcrt.dll
0x00007ff9096e0000 - 0x00007ff909786000 	C:\WINDOWS\System32\sechost.dll
0x00007ff9094e0000 - 0x00007ff9095f8000 	C:\WINDOWS\System32\RPCRT4.dll
0x00007ff909ea0000 - 0x00007ff90a065000 	C:\WINDOWS\System32\USER32.dll
0x00007ff9082a0000 - 0x00007ff9082c7000 	C:\WINDOWS\System32\win32u.dll
0x00007ff9074a0000 - 0x00007ff907733000 	C:\WINDOWS\WinSxS\amd64_microsoft.windows.common-controls_6595b64144ccf1df_6.0.26100.7309_none_3e05feeae336a044\COMCTL32.dll
0x00007ff9097c0000 - 0x00007ff9097eb000 	C:\WINDOWS\System32\GDI32.dll
0x00007ff9088f0000 - 0x00007ff908a1c000 	C:\WINDOWS\System32\gdi32full.dll
0x00007ff908440000 - 0x00007ff9084e3000 	C:\WINDOWS\System32\msvcp_win.dll
0x00007ff9004a0000 - 0x00007ff9004ab000 	C:\WINDOWS\SYSTEM32\VERSION.dll
0x00007ff9093c0000 - 0x00007ff9093f1000 	C:\WINDOWS\System32\IMM32.DLL
0x00007ff9079a0000 - 0x00007ff9079ac000 	C:\Program Files\Java\jdk-21\bin\vcruntime140_1.dll
0x00007ff8f29a0000 - 0x00007ff8f2a2e000 	C:\Program Files\Java\jdk-21\bin\msvcp140.dll
0x00007ff88bcb0000 - 0x00007ff88c9c8000 	C:\Program Files\Java\jdk-21\bin\server\jvm.dll
0x00007ff909660000 - 0x00007ff9096d4000 	C:\WINDOWS\System32\WS2_32.dll
0x00007ff907a70000 - 0x00007ff907ace000 	C:\WINDOWS\SYSTEM32\POWRPROF.dll
0x00007ff8fd520000 - 0x00007ff8fd555000 	C:\WINDOWS\SYSTEM32\WINMM.dll
0x00007ff907940000 - 0x00007ff907954000 	C:\WINDOWS\SYSTEM32\UMPDC.dll
0x00007ff906720000 - 0x00007ff90673b000 	C:\WINDOWS\SYSTEM32\kernel.appcore.dll
0x00007ff902250000 - 0x00007ff90225a000 	C:\Program Files\Java\jdk-21\bin\jimage.dll
0x00007ff907ae0000 - 0x00007ff907d22000 	C:\WINDOWS\SYSTEM32\DBGHELP.DLL
0x00007ff909030000 - 0x00007ff9093b5000 	C:\WINDOWS\System32\combase.dll
0x00007ff909b10000 - 0x00007ff909be6000 	C:\WINDOWS\System32\OLEAUT32.dll
0x00007ff907960000 - 0x00007ff90799c000 	C:\WINDOWS\SYSTEM32\dbgcore.DLL
0x00007ff9082d0000 - 0x00007ff908375000 	C:\WINDOWS\System32\bcryptPrimitives.dll
0x00007ff8f4600000 - 0x00007ff8f461f000 	C:\Program Files\Java\jdk-21\bin\java.dll

dbghelp: loaded successfully - version: 4.0.5 - missing functions: none
symbol engine: initialized successfully - sym options: 0x614 - pdb path: .;C:\Program Files\Java\jdk-21\bin;C:\WINDOWS\SYSTEM32;C:\WINDOWS\WinSxS\amd64_microsoft.windows.common-controls_6595b64144ccf1df_6.0.26100.7309_none_3e05feeae336a044;C:\Program Files\Java\jdk-21\bin\server

VM Arguments:
jvm_args: -Xmx64m -Xms64m -Dorg.gradle.appname=gradlew 
java_command: C:\Users\ASUS\OneDrive\Documents\Desktop\hyperlocal\\gradle\wrapper\gradle-wrapper.jar clean build --no-daemon
java_class_path (initial): C:\Users\ASUS\OneDrive\Documents\Desktop\hyperlocal\\gradle\wrapper\gradle-wrapper.jar
Launcher Type: SUN_STANDARD

[Global flags]
     intx CICompilerCount                          = 4                                         {product} {ergonomic}
     uint ConcGCThreads                            = 3                                         {product} {ergonomic}
     uint G1ConcRefinementThreads                  = 10                                        {product} {ergonomic}
   size_t G1HeapRegionSize                         = 1048576                                   {product} {ergonomic}
    uintx GCDrainStackTargetSize                   = 64                                        {product} {ergonomic}
   size_t InitialHeapSize                          = 67108864                                  {product} {command line}
   size_t MarkStackSize                            = 4194304                                   {product} {ergonomic}
   size_t MaxHeapSize                              = 67108864                                  {product} {command line}
   size_t MinHeapDeltaBytes                        = 1048576                                   {product} {ergonomic}
   size_t MinHeapSize                              = 67108864                                  {product} {command line}
    uintx NonNMethodCodeHeapSize                   = 5839372                                {pd product} {ergonomic}
    uintx NonProfiledCodeHeapSize                  = 122909434                              {pd product} {ergonomic}
    uintx ProfiledCodeHeapSize                     = 122909434                              {pd product} {ergonomic}
    uintx ReservedCodeCacheSize                    = 251658240                              {pd product} {ergonomic}
     bool SegmentedCodeCache                       = true                                      {product} {ergonomic}
   size_t SoftMaxHeapSize                          = 67108864                               {manageable} {ergonomic}
     bool UseCompressedOops                        = true                           {product lp64_product} {ergonomic}
     bool UseG1GC                                  = true                                      {product} {ergonomic}
     bool UseLargePagesIndividualAllocation        = false                                  {pd product} {ergonomic}

Logging:
Log output configuration:
 #0: stdout all=warning uptime,level,tags foldmultilines=false
 #1: stderr all=off uptime,level,tags foldmultilines=false

Environment Variables:
JAVA_HOME=C:\Program Files\Java\jdk-21
PATH=C:\Program Files\Common Files\Oracle\Java\javapath;C:\Program Files (x86)\Common Files\Oracle\Java\javapath;C:\Windows\system32;C:\Windows;C:\Windows\System32\Wbem;C:\Windows\System32\WindowsPowerShell\v1.0\;C:\Windows\System32\OpenSSH\;C:\Program Files (x86)\NVIDIA Corporation\PhysX\Common;C:\Program Files\NVIDIA Corporation\NVIDIA NvDLISR;C:\WINDOWS\system32;C:\WINDOWS;C:\WINDOWS\System32\Wbem;C:\WINDOWS\System32\WindowsPowerShell\v1.0\;C:\WINDOWS\System32\OpenSSH\;C:\Program Files\nodejs\;C:\ProgramData\chocolatey\bin;E:\APPS\Git\cmd;C:\Program Files\dotnet\;C:\Program Files\Git\cmd;C:\Users\ASUS\AppData\Local\Programs\Python\Python311\Scripts\;C:\Users\ASUS\AppData\Local\Programs\Python\Python311\;C:\Program Files\MySQL\MySQL Shell 8.0\bin\;C:\Users\ASUS\AppData\Local\Microsoft\WindowsApps;C:\Users\ASUS\AppData\Local\Programs\Microsoft VS Code\bin;C:\Program Files\JetBrains\PyCharm Community Edition 2024.1.4\bin;;C:\Users\ASUS\AppData\Roaming\npm;C:\ProgramData\ASUS\GitHubDesktop\bin;C:\Users\ASUS\AppData\Local\Programs\Antigravity\bin
USERNAME=ASUS
LANG=en_US.UTF-8
OS=Windows_NT
PROCESSOR_IDENTIFIER=Intel64 Family 6 Model 154 Stepping 3, GenuineIntel
TMP=C:\Users\ASUS\AppData\Local\Temp
TEMP=C:\Users\ASUS\AppData\Local\Temp




Periodic native trim disabled

---------------  S Y S T E M  ---------------

OS:
 Windows 11 , 64 bit Build 26100 (10.0.26100.7309)
OS uptime: 0 days 0:10 hours
Hyper-V role detected

CPU: total 12 (initial active 12) (6 cores per cpu, 2 threads per core) family 6 model 154 stepping 3 microcode 0x41c, cx8, cmov, fxsr, ht, mmx, 3dnowpref, sse, sse2, sse3, ssse3, sse4.1, sse4.2, popcnt, lzcnt, tsc, tscinvbit, avx, avx2, aes, erms, clmul, bmi1, bmi2, adx, sha, fma, vzeroupper, clflush, clflushopt, clwb, hv, serialize, rdtscp, rdpid, fsrm, f16c, cet_ibt, cet_ss
Processor Information for processor 0
  Max Mhz: 2000, Current Mhz: 2000, Mhz Limit: 2000
Processor Information for processor 1
  Max Mhz: 2000, Current Mhz: 2000, Mhz Limit: 2000
Processor Information for processor 2
  Max Mhz: 2000, Current Mhz: 2000, Mhz Limit: 2000
Processor Information for processor 3
  Max Mhz: 2000, Current Mhz: 2000, Mhz Limit: 2000
Processor Information for processor 4
  Max Mhz: 2000, Current Mhz: 2000, Mhz Limit: 2000
Processor Information for processor 5
  Max Mhz: 2000, Current Mhz: 2000, Mhz Limit: 2000
Processor Information for processor 6
  Max Mhz: 2000, Current Mhz: 2000, Mhz Limit: 2000
Processor Information for processor 7
  Max Mhz: 2000, Current Mhz: 2000, Mhz Limit: 2000
Processor Information for processor 8
  Max Mhz: 2000, Current Mhz: 1500, Mhz Limit: 1500
Processor Information for processor 9
  Max Mhz: 2000, Current Mhz: 1500, Mhz Limit: 1500
Processor Information for processor 10
  Max Mhz: 2000, Current Mhz: 1500, Mhz Limit: 1500
Processor Information for processor 11
  Max Mhz: 2000, Current Mhz: 1500, Mhz Limit: 1500

Memory: 4k page, system-wide physical 7813M (1026M free)
TotalPageFile size 31365M (AvailPageFile size 7M)
current process WorkingSet (physical memory assigned to process): 11M, peak: 11M
current process commit charge ("private bytes"): 19M, peak: 20M

vm_info: Java HotSpot(TM) 64-Bit Server VM (21.0.5+9-LTS-239) for windows-amd64 JRE (21.0.5+9-LTS-239), built on 2024-09-30T05:17:38Z by "mach5one" with MS VC++ 17.6 (VS2022)

END.
